Arguments: 
  /usr/bin/node /usr/local/bin/yarn add --save websocket http

PATH: 
  /usr/local/sbin:/usr/local/bin:/usr/sbin:/usr/bin:/sbin:/bin:/usr/games:/usr/local/games:/mnt/c/Program Files (x86)/Microsoft SDKs/Azure/CLI2/wbin:/mnt/c/Program Files (x86)/Common Files/Oracle/Java/javapath:/mnt/c/Windows/system32:/mnt/c/Windows:/mnt/c/Windows/System32/Wbem:/mnt/c/Windows/System32/WindowsPowerShell/v1.0/:/mnt/c/Windows/System32/OpenSSH/:/mnt/c/Program Files/Microsoft SQL Server/130/Tools/Binn/:/mnt/c/Program Files/Microsoft SQL Server/Client SDK/ODBC/170/Tools/Binn/:/mnt/c/Program Files/nodejs/:/mnt/c/Program Files/dotnet/:/mnt/c/ProgramData/ComposerSetup/bin:/mnt/c/Program Files (x86)/PuTTY/:/mnt/c/Program Files (x86)/dotnet/:/mnt/c/Program Files/Docker/Docker/resources/bin:/mnt/c/ProgramData/DockerDesktop/version-bin:/mnt/c/ProgramData/chocolatey/bin:/mnt/c/WINDOWS/system32:/mnt/c/WINDOWS:/mnt/c/WINDOWS/System32/Wbem:/mnt/c/WINDOWS/System32/WindowsPowerShell/v1.0/:/mnt/c/WINDOWS/System32/OpenSSH/:/mnt/c/Program Files/Git/cmd:/mnt/c/Users/ovr-dev-1065/AppData/Local/Microsoft/WindowsApps:/mnt/c/Users/ovr-dev-1065/AppData/Local/Programs/Microsoft VS Code/bin:/mnt/c/Users/ovr-dev-1065/AppData/Roaming/npm:/mnt/c/Program Files (x86)/ngrok:/mnt/c/Users/ovr-dev-1065/.dotnet/tools:/mnt/c/Program Files (x86)/tcpdump:/mnt/c/Users/ovr-dev-1065/AppData/Roaming/Composer/vendor/bin:/mnt/c/xampp/php:/snap/bin

Yarn version: 
  1.22.10

Node version: 
  10.19.0

Platform: 
  linux x64

Trace: 
  Error: EPERM: operation not permitted, copyfile '/home/vitorhprsilva/.cache/yarn/v6/npm-http-0.0.1-security-3aac09129d12dc2747bbce4157afde20ad1f7995-integrity/node_modules/http/README.md' -> '/mnt/c/Users/ovr-dev-1065/Desktop/ovrMeet/webSocketServer/node_modules/http/README.md'

npm manifest: 
  {
    "name": "websocketserver",
    "version": "1.0.0",
    "description": "",
    "main": "index.js",
    "scripts": {
      "test": "echo \"Error: no test specified\" && exit 1"
    },
    "author": "",
    "license": "ISC"
  }

yarn manifest: 
  No manifest

Lockfile: 
  No lockfile
